# JRE version: Java(TM) SE Runtime Environment (22.0.2+9) (build 22.0.2+9-70)
# Java VM: Java HotSpot(TM) 64-Bit Server VM (22.0.2+9-70, mixed mode, sharing, tiered, compressed oops, compressed class ptrs, g1 gc, windows-amd64)
GC Precious Log:
 CardTable entry size: 512
 Card Set container configuration: InlinePtr #cards 4 size 8 Array Of Cards #cards 16 size 48 Howl #buckets 8 coarsen threshold 3686 Howl Bitmap #cards 512 size 80 coarsen threshold 460 Card regions per heap region 1 cards per card region 4096
 CPUs: 8 total, 8 available
 Memory: 7975M
 Large Page Support: Disabled
 NUMA Support: Disabled
 Compressed Oops: Enabled (Zero based)
 Heap Region Size: 2M
 Heap Min Capacity: 8M
 Heap Initial Capacity: 126M
 Heap Max Capacity: 4G
 Pre-touch: Disabled
 Parallel Workers: 8
 Concurrent Workers: 2
 Concurrent Refinement Workers: 8
 Periodic GC: Disabled
Heap:
 garbage-first heap   total reserved 4194304K, committed 581632K, used 434176K [0x0000000700000000, 0x0000000800000000)
  region size 2048K, 8 young (16384K), 8 survivors (16384K)
 Metaspace       used 196610K, committed 199680K, reserved 1245184K
  class space    used 25892K, committed 27392K, reserved 1048576K
GC Heap History (20 events):
Event: 30.352 GC heap after
{Heap after GC invocations=72 (full 0):
 garbage-first heap   total reserved 4194304K, committed 436224K, used 233546K [0x0000000700000000, 0x0000000800000000)
  region size 2048K, 4 young (8192K), 4 survivors (8192K)
 Metaspace       used 191058K, committed 194048K, reserved 1245184K
  class space    used 25176K, committed 26624K, reserved 1048576K
}
Event: 30.921 GC heap before
{Heap before GC invocations=72 (full 0):
 garbage-first heap   total reserved 4194304K, committed 436224K, used 401482K [0x0000000700000000, 0x0000000800000000)
  region size 2048K, 86 young (176128K), 4 survivors (8192K)
 Metaspace       used 191083K, committed 194112K, reserved 1245184K
  class space    used 25176K, committed 26624K, reserved 1048576K
}
Event: 30.933 GC heap after
{Heap after GC invocations=73 (full 0):
 garbage-first heap   total reserved 4194304K, committed 436224K, used 228801K [0x0000000700000000, 0x0000000800000000)
  region size 2048K, 4 young (8192K), 4 survivors (8192K)
 Metaspace       used 191083K, committed 194112K, reserved 1245184K
  class space    used 25176K, committed 26624K, reserved 1048576K
}
Event: 31.533 GC heap before
{Heap before GC invocations=73 (full 0):
 garbage-first heap   total reserved 4194304K, committed 436224K, used 402881K [0x0000000700000000, 0x0000000800000000)
  region size 2048K, 89 young (182272K), 4 survivors (8192K)
 Metaspace       used 191100K, committed 194176K, reserved 1245184K
  class space    used 25179K, committed 26624K, reserved 1048576K
}
Event: 31.541 GC heap after
{Heap after GC invocations=74 (full 0):
 garbage-first heap   total reserved 4194304K, committed 436224K, used 229534K [0x0000000700000000, 0x0000000800000000)
  region size 2048K, 5 young (10240K), 5 survivors (10240K)
 Metaspace       used 191100K, committed 194176K, reserved 1245184K
  class space    used 25179K, committed 26624K, reserved 1048576K
}
Event: 32.269 GC heap before
{Heap before GC invocations=75 (full 0):
 garbage-first heap   total reserved 4194304K, committed 436224K, used 399518K [0x0000000700000000, 0x0000000800000000)
  region size 2048K, 88 young (180224K), 5 survivors (10240K)
 Metaspace       used 191107K, committed 194176K, reserved 1245184K
  class space    used 25179K, committed 26624K, reserved 1048576K
}
Event: 32.278 GC heap after
{Heap after GC invocations=76 (full 0):
 garbage-first heap   total reserved 4194304K, committed 436224K, used 230681K [0x0000000700000000, 0x0000000800000000)
  region size 2048K, 5 young (10240K), 5 survivors (10240K)
 Metaspace       used 191107K, committed 194176K, reserved 1245184K
  class space    used 25179K, committed 26624K, reserved 1048576K
}
Event: 33.072 GC heap before
{Heap before GC invocations=76 (full 0):
 garbage-first heap   total reserved 4194304K, committed 436224K, used 400665K [0x0000000700000000, 0x0000000800000000)
  region size 2048K, 88 young (180224K), 5 survivors (10240K)
 Metaspace       used 191122K, committed 194176K, reserved 1245184K
  class space    used 25180K, committed 26624K, reserved 1048576K
}
Event: 33.084 GC heap after
{Heap after GC invocations=77 (full 0):
 garbage-first heap   total reserved 4194304K, committed 436224K, used 226229K [0x0000000700000000, 0x0000000800000000)
  region size 2048K, 5 young (10240K), 5 survivors (10240K)
 Metaspace       used 191122K, committed 194176K, reserved 1245184K
  class space    used 25180K, committed 26624K, reserved 1048576K
}
Event: 33.824 GC heap before
{Heap before GC invocations=77 (full 0):
 garbage-first heap   total reserved 4194304K, committed 436224K, used 400309K [0x0000000700000000, 0x0000000800000000)
  region size 2048K, 90 young (184320K), 5 survivors (10240K)
 Metaspace       used 191714K, committed 194816K, reserved 1245184K
  class space    used 25278K, committed 26752K, reserved 1048576K
}
Event: 33.832 GC heap after
{Heap after GC invocations=78 (full 0):
 garbage-first heap   total reserved 4194304K, committed 436224K, used 226451K [0x0000000700000000, 0x0000000800000000)
  region size 2048K, 6 young (12288K), 6 survivors (12288K)
 Metaspace       used 191714K, committed 194816K, reserved 1245184K
  class space    used 25278K, committed 26752K, reserved 1048576K
}
Event: 35.032 GC heap before
{Heap before GC invocations=79 (full 0):
 garbage-first heap   total reserved 4194304K, committed 436224K, used 431251K [0x0000000700000000, 0x0000000800000000)
  region size 2048K, 85 young (174080K), 6 survivors (12288K)
 Metaspace       used 195062K, committed 198080K, reserved 1245184K
  class space    used 25711K, committed 27136K, reserved 1048576K
}
Event: 35.046 GC heap after
{Heap after GC invocations=80 (full 0):
 garbage-first heap   total reserved 4194304K, committed 458752K, used 273201K [0x0000000700000000, 0x0000000800000000)
  region size 2048K, 11 young (22528K), 11 survivors (22528K)
 Metaspace       used 195062K, committed 198080K, reserved 1245184K
  class space    used 25711K, committed 27136K, reserved 1048576K
}
Event: 35.483 GC heap before
{Heap before GC invocations=80 (full 0):
 garbage-first heap   total reserved 4194304K, committed 458752K, used 455473K [0x0000000700000000, 0x0000000800000000)
  region size 2048K, 61 young (124928K), 11 survivors (22528K)
 Metaspace       used 195971K, committed 198976K, reserved 1245184K
  class space    used 25821K, committed 27200K, reserved 1048576K
}
Event: 35.509 GC heap after
{Heap after GC invocations=81 (full 0):
 garbage-first heap   total reserved 4194304K, committed 514048K, used 331068K [0x0000000700000000, 0x0000000800000000)
  region size 2048K, 10 young (20480K), 10 survivors (20480K)
 Metaspace       used 195971K, committed 198976K, reserved 1245184K
  class space    used 25821K, committed 27200K, reserved 1048576K
}
Event: 35.871 GC heap before
{Heap before GC invocations=81 (full 0):
 garbage-first heap   total reserved 4194304K, committed 514048K, used 402748K [0x0000000700000000, 0x0000000800000000)
  region size 2048K, 47 young (96256K), 10 survivors (20480K)
 Metaspace       used 196125K, committed 199168K, reserved 1245184K
  class space    used 25831K, committed 27264K, reserved 1048576K
}
Event: 35.894 GC heap after
{Heap after GC invocations=82 (full 0):
 garbage-first heap   total reserved 4194304K, committed 514048K, used 350614K [0x0000000700000000, 0x0000000800000000)
  region size 2048K, 10 young (20480K), 10 survivors (20480K)
 Metaspace       used 196125K, committed 199168K, reserved 1245184K
  class space    used 25831K, committed 27264K, reserved 1048576K
}
Event: 36.545 GC heap before
{Heap before GC invocations=83 (full 0):
 garbage-first heap   total reserved 4194304K, committed 581632K, used 455062K [0x0000000700000000, 0x0000000800000000)
  region size 2048K, 63 young (129024K), 10 survivors (20480K)
 Metaspace       used 196593K, committed 199680K, reserved 1245184K
  class space    used 25892K, committed 27392K, reserved 1048576K
}
Event: 36.596 GC heap after
{Heap after GC invocations=84 (full 0):
 garbage-first heap   total reserved 4194304K, committed 581632K, used 389620K [0x0000000700000000, 0x0000000800000000)
  region size 2048K, 8 young (16384K), 8 survivors (16384K)
 Metaspace       used 196593K, committed 199680K, reserved 1245184K
  class space    used 25892K, committed 27392K, reserved 1048576K
}
Event: 36.868 GC heap before
{Heap before GC invocations=84 (full 0):
 garbage-first heap   total reserved 4194304K, committed 581632K, used 502260K [0x0000000700000000, 0x0000000800000000)
  region size 2048K, 63 young (129024K), 8 survivors (16384K)
 Metaspace       used 196610K, committed 199680K, reserved 1245184K
  class space    used 25892K, committed 27392K, reserved 1048576K
}

